<?xml version="1.0" encoding="UTF-8"?>
<!-- Generated by org.testng.reporters.JUnitReportReporter -->
<testsuite hostname="DESKTOP-BKASB7R" failures="0" tests="1" name="usingTestNgParameters.bothCorrect" time="31.804" errors="0" timestamp="2022-10-12T14:51:19 IST" skipped="0">
  <testcase classname="usingTestNgParameters.bothCorrect" name="bothcorrectcase" time="31.804"/>
  <system-out/>
</testsuite> <!-- usingTestNgParameters.bothCorrect -->
