<?xml version="1.0" encoding="UTF-8"?>
<!-- Generated by org.testng.reporters.JUnitReportReporter -->
<testsuite hostname="DESKTOP-BKASB7R" failures="0" tests="4" name="usingDataProviders.LoginUsingDataProviders" time="53.616" errors="0" timestamp="2022-10-12T15:30:36 IST" skipped="0">
  <testcase classname="usingDataProviders.LoginUsingDataProviders" name="logintest" time="18.255"/>
  <system-out/>
  <testcase classname="usingDataProviders.LoginUsingDataProviders" name="logintest" time="12.843"/>
  <system-out/>
  <testcase classname="usingDataProviders.LoginUsingDataProviders" name="logintest" time="11.405"/>
  <system-out/>
  <testcase classname="usingDataProviders.LoginUsingDataProviders" name="logintest" time="11.113"/>
  <system-out/>
</testsuite> <!-- usingDataProviders.LoginUsingDataProviders -->
