<?xml version="1.0" encoding="UTF-8"?>
<!-- Generated by org.testng.reporters.JUnitReportReporter -->
<testsuite hostname="DESKTOP-BKASB7R" failures="0" tests="4" name="usingJxlLibrary.DataprovidesusingJXL" time="42.426" errors="0" timestamp="2022-10-14T12:20:24 IST" skipped="0">
  <testcase classname="usingJxlLibrary.DataprovidesusingJXL" name="logintest" time="12.352"/>
  <system-out/>
  <testcase classname="usingJxlLibrary.DataprovidesusingJXL" name="logintest" time="10.630"/>
  <system-out/>
  <testcase classname="usingJxlLibrary.DataprovidesusingJXL" name="logintest" time="9.072"/>
  <system-out/>
  <testcase classname="usingJxlLibrary.DataprovidesusingJXL" name="logintest" time="10.372"/>
  <system-out/>
</testsuite> <!-- usingJxlLibrary.DataprovidesusingJXL -->
