<?xml version="1.0" encoding="UTF-8"?>
<!-- Generated by org.testng.reporters.JUnitReportReporter -->
<testsuite hostname="DESKTOP-BKASB7R" failures="0" tests="1" name="loginFunctionality.correctEmail" time="14.100" errors="0" timestamp="2022-10-12T12:15:00 IST" skipped="0">
  <testcase classname="loginFunctionality.correctEmail" name="correctemailcase" time="14.100"/>
  <system-out/>
</testsuite> <!-- loginFunctionality.correctEmail -->
