<?xml version="1.0" encoding="UTF-8"?>
<!-- Generated by org.testng.reporters.JUnitReportReporter -->
<testsuite hostname="DESKTOP-BKASB7R" failures="0" tests="1" name="usingTestNgParameters.correctEmail" time="24.992" errors="0" timestamp="2022-10-12T14:51:19 IST" skipped="0">
  <testcase classname="usingTestNgParameters.correctEmail" name="bothcorrectcase" time="24.992"/>
  <system-out/>
</testsuite> <!-- usingTestNgParameters.correctEmail -->
