<?xml version="1.0" encoding="UTF-8"?>
<!-- Generated by org.testng.reporters.JUnitReportReporter -->
<testsuite hostname="DESKTOP-BKASB7R" failures="0" tests="1" name="usingTestNgParameters.correctPassword" time="27.312" errors="0" timestamp="2022-10-12T14:51:19 IST" skipped="0">
  <testcase classname="usingTestNgParameters.correctPassword" name="bothcorrectcase" time="27.312"/>
  <system-out/>
</testsuite> <!-- usingTestNgParameters.correctPassword -->
