<?xml version="1.0" encoding="UTF-8"?>
<!-- Generated by org.testng.reporters.JUnitReportReporter -->
<testsuite hostname="DESKTOP-BKASB7R" failures="0" tests="1" name="usingTestNgParameters.bothIncorrect" time="29.409" errors="0" timestamp="2022-10-12T14:51:19 IST" skipped="0">
  <testcase classname="usingTestNgParameters.bothIncorrect" name="bothcorrectcase" time="29.409"/>
  <system-out/>
</testsuite> <!-- usingTestNgParameters.bothIncorrect -->
