<?xml version="1.0" encoding="UTF-8"?>
<!-- Generated by org.testng.reporters.JUnitReportReporter -->
<testsuite hostname="DESKTOP-BKASB7R" failures="0" tests="1" name="loginFunctionality.bothCorrect" time="11.205" errors="0" timestamp="2022-10-12T12:15:00 IST" skipped="0">
  <testcase classname="loginFunctionality.bothCorrect" name="bothcorrectcase" time="11.205"/>
  <system-out/>
</testsuite> <!-- loginFunctionality.bothCorrect -->
