<?xml version="1.0" encoding="UTF-8"?>
<!-- Generated by org.testng.reporters.JUnitReportReporter -->
<testsuite hostname="DESKTOP-BKASB7R" failures="0" tests="1" name="loginFunctionality.correctPassword" time="10.098" errors="0" timestamp="2022-10-12T12:15:00 IST" skipped="0">
  <testcase classname="loginFunctionality.correctPassword" name="correctpasswordcase" time="10.098"/>
  <system-out/>
</testsuite> <!-- loginFunctionality.correctPassword -->
